<?xml version="1.0" encoding="UTF-8"?>
<!-- Generated by org.testng.reporters.JUnitXMLReporter -->
<testsuite ignored="0" hostname="DESKTOP-SMCHSU2" failures="0" tests="4" name="Default test" time="0.138" errors="0" timestamp="2021-10-16T17:37:08 IST">
  <testcase classname="calculator.StringCalculatorShould" name="empty_string_should_return_0" time="0.012"/>
  <testcase classname="calculator.StringCalculatorShould" name="string_with_single_number_should_return_number_as_int" time="0.005"/>
  <testcase classname="calculator.StringCalculatorShould" name="twoNumbersCommaDelimitedReturnSum" time="0.004"/>
  <testcase classname="calculator.StringCalculatorShould" name="twoNumbersNewLineDelimitedReturnSum" time="0.004"/>
</testsuite> <!-- Default test -->
