<?xml version="1.0" encoding="UTF-8"?>
<testng-results ignored="0" total="4" passed="4" failed="0" skipped="0">
  <reporter-output>
  </reporter-output>
  <suite started-at="2021-10-16T17:37:08 IST" name="Default suite" finished-at="2021-10-16T17:37:08 IST" duration-ms="138">
    <groups>
    </groups>
    <test started-at="2021-10-16T17:37:08 IST" name="Default test" finished-at="2021-10-16T17:37:08 IST" duration-ms="138">
      <class name="calculator.StringCalculatorShould">
        <test-method is-config="true" signature="init()[pri:0, instance:calculator.StringCalculatorShould@5e316c74]" started-at="2021-10-16T17:37:08 IST" name="init" finished-at="2021-10-16T17:37:08 IST" duration-ms="20" status="PASS">
          <reporter-output>
          </reporter-output>
        </test-method> <!-- init -->
        <test-method signature="empty_string_should_return_0()[pri:0, instance:calculator.StringCalculatorShould@5e316c74]" started-at="2021-10-16T17:37:08 IST" name="empty_string_should_return_0" finished-at="2021-10-16T17:37:08 IST" duration-ms="12" status="PASS">
          <reporter-output>
          </reporter-output>
        </test-method> <!-- empty_string_should_return_0 -->
        <test-method signature="string_with_single_number_should_return_number_as_int()[pri:0, instance:calculator.StringCalculatorShould@5e316c74]" started-at="2021-10-16T17:37:08 IST" name="string_with_single_number_should_return_number_as_int" finished-at="2021-10-16T17:37:08 IST" duration-ms="5" status="PASS">
          <reporter-output>
          </reporter-output>
        </test-method> <!-- string_with_single_number_should_return_number_as_int -->
        <test-method signature="twoNumbersCommaDelimitedReturnSum()[pri:0, instance:calculator.StringCalculatorShould@5e316c74]" started-at="2021-10-16T17:37:08 IST" name="twoNumbersCommaDelimitedReturnSum" finished-at="2021-10-16T17:37:08 IST" duration-ms="4" status="PASS">
          <reporter-output>
          </reporter-output>
        </test-method> <!-- twoNumbersCommaDelimitedReturnSum -->
        <test-method signature="twoNumbersNewLineDelimitedReturnSum()[pri:0, instance:calculator.StringCalculatorShould@5e316c74]" started-at="2021-10-16T17:37:08 IST" name="twoNumbersNewLineDelimitedReturnSum" finished-at="2021-10-16T17:37:08 IST" duration-ms="4" status="PASS">
          <reporter-output>
          </reporter-output>
        </test-method> <!-- twoNumbersNewLineDelimitedReturnSum -->
      </class> <!-- calculator.StringCalculatorShould -->
    </test> <!-- Default test -->
  </suite> <!-- Default suite -->
</testng-results>
